<?xml version="1.0" encoding="UTF-8"?>
<!-- Generated by org.testng.reporters.JUnitReportReporter -->
<testsuite hostname="PPM-Server" name="JobRun.intv" tests="2" failures="0" timestamp="21 Jan 2016 10:44:16 GMT" time="0.009" errors="0">
  <testcase name="Test" time="0.009" classname="JobRun.intv"/>
  <testcase name="abc" time="0.000" classname="JobRun.intv"/>
</testsuite> <!-- JobRun.intv -->
